30-Mar-21 15:42:00 - INFO - Correctly found the log file
30-Mar-21 15:42:32 - INFO - Correctly found the log file
30-Mar-21 15:42:47 - INFO - Correctly found the log file
30-Mar-21 15:42:47 - INFO - Requested to the API with the params: action=get_leagues
30-Mar-21 15:42:48 - INFO - Requested to the API with the params: action=get_events&from=2021-03-30&to=2021-04-02
30-Mar-21 15:42:48 - INFO - Requested to the API with the params: action=get_teams&league_id=148
30-Mar-21 15:45:59 - INFO - Correctly found the log file
30-Mar-21 15:45:59 - INFO - Requested to the API with the params: action=get_leagues
30-Mar-21 15:46:00 - INFO - Requested to the API with the params: action=get_events&from=2021-03-30&to=2021-04-02
30-Mar-21 15:46:26 - INFO - Correctly found the log file
30-Mar-21 15:46:26 - INFO - Requested to the API with the params: action=get_leagues
30-Mar-21 15:46:27 - INFO - Requested to the API with the params: action=get_events&from=2021-03-30&to=2021-04-02
30-Mar-21 15:46:27 - INFO - Requested to the API with the params: action=get_teams&league_id=148
30-Mar-21 15:46:44 - INFO - Correctly found the log file
30-Mar-21 15:46:45 - INFO - Requested to the API with the params: action=get_leagues
30-Mar-21 15:46:45 - INFO - Requested to the API with the params: action=get_events&from=2021-03-30&to=2021-04-02
30-Mar-21 15:46:46 - INFO - Requested to the API with the params: action=get_teams&league_id=148
30-Mar-21 15:46:48 - INFO - Correctly found the log file
30-Mar-21 15:46:49 - INFO - Requested to the API with the params: action=get_leagues
30-Mar-21 15:46:49 - INFO - Requested to the API with the params: action=get_events&from=2021-03-30&to=2021-04-02
30-Mar-21 15:47:16 - INFO - Correctly found the log file
30-Mar-21 15:47:17 - INFO - Requested to the API with the params: action=get_events&from=2021-03-30&to=2021-04-02
30-Mar-21 15:47:38 - INFO - Correctly found the log file
30-Mar-21 15:47:39 - INFO - Requested to the API with the params: action=get_teams&league_id=148
30-Mar-21 15:47:48 - INFO - Correctly found the log file
30-Mar-21 15:47:49 - INFO - Requested to the API with the params: action=get_teams&league_id=148
30-Mar-21 15:49:13 - INFO - Correctly found the log file
30-Mar-21 15:49:16 - INFO - Requested to the API with the params: action=get_H2H&firstTeam=Chelsea&secondTeam=Arsenal
30-Mar-21 15:49:20 - INFO - Correctly found the log file
30-Mar-21 15:49:23 - INFO - Requested to the API with the params: action=get_H2H&firstTeam=Chelsea&secondTeam=Arsenal
30-Mar-21 15:50:07 - INFO - Correctly found the log file
30-Mar-21 15:50:14 - INFO - Correctly found the log file
30-Mar-21 15:50:17 - INFO - Requested to the API with the params: action=get_H2H&firstTeam=Chelsea&secondTeam=Arsenal
30-Mar-21 15:51:18 - INFO - Correctly found the log file
30-Mar-21 15:51:21 - INFO - Requested to the API with the params: action=get_H2H&firstTeam=Chelsea&secondTeam=Arsenal
30-Mar-21 15:51:44 - INFO - Correctly found the log file
30-Mar-21 15:51:57 - INFO - Correctly found the log file
30-Mar-21 15:52:02 - INFO - Correctly found the log file
30-Mar-21 15:52:05 - INFO - Requested to the API with the params: action=get_H2H&firstTeam=Chelsea&secondTeam=Arsenal
31-Mar-21 08:16:29 - INFO - Correctly found the log file
31-Mar-21 08:16:32 - INFO - Requested to the API with the params: action=get_H2H&firstTeam=Chelsea&secondTeam=Arsenal
31-Mar-21 08:16:56 - INFO - Correctly found the log file
31-Mar-21 08:16:59 - INFO - Requested to the API with the params: action=get_H2H&firstTeam=Chelsea&secondTeam=Arsenal
31-Mar-21 08:17:03 - INFO - Correctly found the log file
31-Mar-21 08:17:06 - INFO - Requested to the API with the params: action=get_H2H&firstTeam=Chelsea&secondTeam=Arsenal
31-Mar-21 08:17:30 - INFO - Correctly found the log file
31-Mar-21 08:17:33 - INFO - Requested to the API with the params: action=get_H2H&firstTeam=Chelsea&secondTeam=Arsenal
31-Mar-21 08:17:41 - INFO - Correctly found the log file
31-Mar-21 08:17:45 - INFO - Requested to the API with the params: action=get_H2H&firstTeam=Chelsea&secondTeam=Arsenal
31-Mar-21 08:30:13 - INFO - Correctly found the log file
31-Mar-21 08:30:14 - INFO - Request to the API with the params: action=get_H2H&firstTeam=Chelsea&secondTeam=Arsenal
31-Mar-21 08:35:22 - INFO - Correctly found the log file
31-Mar-21 08:35:35 - INFO - Correctly found the log file
31-Mar-21 08:35:52 - INFO - Correctly found the log file
31-Mar-21 08:36:04 - INFO - Correctly found the log file
31-Mar-21 08:37:02 - INFO - Correctly found the log file
31-Mar-21 08:37:02 - INFO - Request to the API with the params: action=get_countries
31-Mar-21 08:37:27 - INFO - Correctly found the log file
31-Mar-21 08:40:01 - INFO - Correctly found the log file
31-Mar-21 08:40:01 - INFO - Request to the API with the params: action=get_countries
31-Mar-21 08:40:09 - INFO - Correctly found the log file
31-Mar-21 08:40:10 - INFO - Request to the API with the params: action=get_countries
31-Mar-21 08:42:00 - INFO - Correctly found the log file
31-Mar-21 08:43:18 - INFO - Correctly found the log file
31-Mar-21 08:43:36 - INFO - Correctly found the log file
31-Mar-21 08:43:36 - INFO - Request to the API with the params: action=get_countries
31-Mar-21 08:45:02 - INFO - Correctly found the log file
31-Mar-21 08:45:02 - INFO - Request to the API with the params: action=get_countries
31-Mar-21 08:45:11 - INFO - Correctly found the log file
31-Mar-21 08:45:11 - INFO - Request to the API with the params: action=get_countries
31-Mar-21 08:46:06 - INFO - Correctly found the log file
31-Mar-21 08:58:38 - INFO - Correctly found the log file
11-Apr-21 19:33:39 - INFO - Correctly found the log file
11-Apr-21 19:33:40 - INFO - Request to the API with the params: action=get_countries
12-Apr-21 10:35:04 - INFO - Connector to the DB correctly made
12-Apr-21 10:35:16 - INFO - Connector to the DB correctly made
12-Apr-21 10:36:39 - INFO - Connector to the DB correctly made
12-Apr-21 10:37:05 - INFO - Connector to the DB correctly made
12-Apr-21 10:38:29 - INFO - Connector to the DB correctly made
12-Apr-21 10:42:37 - INFO - Connector to the DB correctly made
12-Apr-21 10:57:42 - INFO - Connector to the DB correctly made
12-Apr-21 10:58:53 - INFO - Connector to the DB correctly made
12-Apr-21 11:02:08 - INFO - Connector to the DB correctly made
12-Apr-21 11:02:08 - INFO - Inserted in the DB with params : Home, NULL, Tottenham, Manchester United, 2000, 1000, 2010, 1500
12-Apr-21 11:19:31 - INFO - Connector to the DB correctly made
12-Apr-21 11:19:31 - INFO - Inserted in the DB with params : Home, NULL, Burnley, Manchester City, 2010, 1120, 2810, 1800
12-Apr-21 12:33:29 - INFO - Connector to the DB correctly made
12-Apr-21 12:33:29 - INFO - Inserted in the DB with params : Draw, NULL, Arsenal, Leeds United, 2010, 1120, 2810, 1800
12-Apr-21 12:34:58 - INFO - Connector to the DB correctly made
12-Apr-21 12:34:58 - INFO - Inserted in the DB with params : Draw, NULL, Arsenal, Leeds United, 2010, 1120, 2810, 1800
12-Apr-21 12:40:39 - INFO - Connector to the DB correctly made
12-Apr-21 12:40:39 - INFO - Inserted in the DB with params : Draw, NULL, Arsenal, Leeds United, 2010, 1120, 2810, 1800
12-Apr-21 12:48:37 - INFO - Connector to the DB correctly made
12-Apr-21 12:48:37 - INFO - Inserted in the DB with params : Draw, NULL, Arsenal, Leeds United, 2010, 1120, 2810, 1800
12-Apr-21 13:31:05 - INFO - Connector to the DB correctly made
12-Apr-21 13:40:23 - INFO - Connector to the DB correctly made
12-Apr-21 13:41:30 - INFO - Connector to the DB correctly made
12-Apr-21 13:41:30 - INFO - Deleted row with id = 6
12-Apr-21 15:45:38 - INFO - Connector to the DB correctly made
12-Apr-21 15:46:02 - INFO - Connector to the DB correctly made
12-Apr-21 15:46:33 - INFO - Correctly found the log file
12-Apr-21 15:46:33 - INFO - Request to the API with the params: action=get_countries
13-Apr-21 08:03:02 - INFO - Connector to the DB correctly made
13-Apr-21 08:03:54 - INFO - Connector to the DB correctly made
13-Apr-21 08:03:54 - INFO - Inserted in the DB with params : Home, NULL, Tottenham, Burnley, 1900, 1800, 2202, 1000
13-Apr-21 08:04:25 - INFO - Connector to the DB correctly made
13-Apr-21 08:05:18 - INFO - Connector to the DB correctly made
13-Apr-21 08:05:23 - INFO - Connector to the DB correctly made
13-Apr-21 08:05:31 - INFO - Connector to the DB correctly made
13-Apr-21 08:06:34 - INFO - Connector to the DB correctly made
13-Apr-21 08:06:42 - INFO - Connector to the DB correctly made
13-Apr-21 08:07:39 - INFO - Connector to the DB correctly made
13-Apr-21 08:07:41 - INFO - Connector to the DB correctly made
13-Apr-21 08:16:14 - INFO - Connector to the DB correctly made
13-Apr-21 08:16:14 - INFO - Inserted in the DB with params : Home, 201908, Tottenham, Burnley, 1900, 1800, 2202, 1000
13-Apr-21 08:16:41 - INFO - Connector to the DB correctly made
13-Apr-21 08:16:56 - INFO - Connector to the DB correctly made
13-Apr-21 08:17:31 - INFO - Connector to the DB correctly made
13-Apr-21 08:18:33 - INFO - Connector to the DB correctly made
13-Apr-21 13:36:40 - INFO - Correctly found the log file
13-Apr-21 13:36:40 - INFO - Request to the API with the params: action=get_countries
13-Apr-21 13:36:51 - INFO - Correctly found the log file
13-Apr-21 13:36:52 - INFO - Request to the API with the params: action=get_countries
13-Apr-21 13:37:38 - INFO - Correctly found the log file
13-Apr-21 13:37:38 - INFO - Request to the API with the params: action=get_countries
13-Apr-21 13:38:01 - INFO - Correctly found the log file
13-Apr-21 13:38:01 - INFO - Request to the API with the params: action=get_countries
13-Apr-21 13:38:14 - INFO - Correctly found the log file
13-Apr-21 13:38:14 - INFO - Request to the API with the params: action=get_countries
13-Apr-21 13:38:24 - INFO - Correctly found the log file
13-Apr-21 13:38:50 - INFO - Correctly found the log file
13-Apr-21 13:40:29 - INFO - Correctly found the log file
13-Apr-21 13:40:30 - INFO - Request to the API with the params: action=get_countries
13-Apr-21 13:43:54 - INFO - Correctly found the log file
13-Apr-21 13:43:54 - INFO - Request to the API with the params: action=get_countries
13-Apr-21 13:44:01 - INFO - Correctly found the log file
13-Apr-21 13:44:01 - INFO - Request to the API with the params: action=get_countries
13-Apr-21 13:44:39 - INFO - Correctly found the log file
13-Apr-21 13:44:48 - INFO - Correctly found the log file
13-Apr-21 13:44:48 - INFO - Request to the API with the params: action=get_countries
13-Apr-21 13:45:35 - INFO - Correctly found the log file
13-Apr-21 13:45:35 - INFO - Request to the API with the params: action=get_countries
13-Apr-21 13:45:44 - INFO - Correctly found the log file
13-Apr-21 13:45:44 - INFO - Request to the API with the params: action=get_countries
13-Apr-21 13:47:48 - INFO - Correctly found the log file
13-Apr-21 13:47:49 - INFO - Request to the API with the params: action=get_countries
13-Apr-21 13:47:52 - INFO - Correctly found the log file
13-Apr-21 13:48:20 - INFO - Correctly found the log file
13-Apr-21 13:48:20 - INFO - Request to the API with the params: action=get_countries
13-Apr-21 13:49:03 - INFO - Correctly found the log file
13-Apr-21 13:49:04 - INFO - Request to the API with the params: action=get_countries
13-Apr-21 13:49:23 - INFO - Correctly found the log file
13-Apr-21 13:49:24 - INFO - Request to the API with the params: action=get_countries
13-Apr-21 13:49:30 - INFO - Correctly found the log file
13-Apr-21 13:50:02 - INFO - Correctly found the log file
13-Apr-21 13:50:03 - ERROR - Error 404 returned from the API with message : Authentification failed!
13-Apr-21 13:51:12 - INFO - Correctly found the log file
13-Apr-21 13:51:12 - ERROR - Error 404 returned from the API with message : Authentification failed!
